{"/home/ania/code/quiz-machine/node-end.js": {"path":"/home/ania/code/quiz-machine/node-end.js","statementMap":{"0":{"start":{"line":1,"column":16},"end":{"line":1,"column":34}},"1":{"start":{"line":2,"column":19},"end":{"line":2,"column":41}},"2":{"start":{"line":3,"column":12},"end":{"line":3,"column":21}},"3":{"start":{"line":4,"column":14},"end":{"line":4,"column":35}},"4":{"start":{"line":7,"column":12},"end":{"line":7,"column":13}},"5":{"start":{"line":8,"column":20},"end":{"line":8,"column":22}},"6":{"start":{"line":10,"column":0},"end":{"line":10,"column":27}},"7":{"start":{"line":11,"column":0},"end":{"line":11,"column":45}},"8":{"start":{"line":12,"column":0},"end":{"line":12,"column":30}},"9":{"start":{"line":14,"column":0},"end":{"line":23,"column":3}},"10":{"start":{"line":15,"column":2},"end":{"line":22,"column":7}},"11":{"start":{"line":16,"column":6},"end":{"line":16,"column":51}},"12":{"start":{"line":19,"column":6},"end":{"line":21,"column":9}},"13":{"start":{"line":26,"column":18},"end":{"line":63,"column":1}},"14":{"start":{"line":27,"column":2},"end":{"line":62,"column":5}},"15":{"start":{"line":28,"column":4},"end":{"line":61,"column":9}},"16":{"start":{"line":30,"column":8},"end":{"line":30,"column":31}},"17":{"start":{"line":34,"column":8},"end":{"line":34,"column":77}},"18":{"start":{"line":36,"column":23},"end":{"line":36,"column":47}},"19":{"start":{"line":37,"column":31},"end":{"line":37,"column":70}},"20":{"start":{"line":39,"column":8},"end":{"line":39,"column":50}},"21":{"start":{"line":43,"column":8},"end":{"line":59,"column":9}},"22":{"start":{"line":45,"column":10},"end":{"line":45,"column":33}},"23":{"start":{"line":47,"column":10},"end":{"line":47,"column":39}},"24":{"start":{"line":52,"column":29},"end":{"line":56,"column":11}},"25":{"start":{"line":58,"column":10},"end":{"line":58,"column":32}},"26":{"start":{"line":65,"column":0},"end":{"line":67,"column":3}},"27":{"start":{"line":66,"column":2},"end":{"line":66,"column":40}},"28":{"start":{"line":69,"column":0},"end":{"line":85,"column":3}},"29":{"start":{"line":70,"column":2},"end":{"line":70,"column":41}},"30":{"start":{"line":72,"column":2},"end":{"line":76,"column":3}},"31":{"start":{"line":73,"column":4},"end":{"line":73,"column":15}},"32":{"start":{"line":75,"column":4},"end":{"line":75,"column":14}},"33":{"start":{"line":78,"column":2},"end":{"line":84,"column":5}},"34":{"start":{"line":80,"column":4},"end":{"line":83,"column":7}},"35":{"start":{"line":90,"column":30},"end":{"line":90,"column":84}},"36":{"start":{"line":91,"column":2},"end":{"line":91,"column":71}},"37":{"start":{"line":93,"column":2},"end":{"line":93,"column":48}},"38":{"start":{"line":95,"column":2},"end":{"line":108,"column":5}},"39":{"start":{"line":96,"column":21},"end":{"line":96,"column":23}},"40":{"start":{"line":97,"column":4},"end":{"line":97,"column":29}},"41":{"start":{"line":99,"column":4},"end":{"line":103,"column":5}},"42":{"start":{"line":100,"column":6},"end":{"line":100,"column":32}},"43":{"start":{"line":102,"column":6},"end":{"line":102,"column":33}},"44":{"start":{"line":105,"column":4},"end":{"line":105,"column":39}},"45":{"start":{"line":106,"column":4},"end":{"line":106,"column":46}},"46":{"start":{"line":110,"column":2},"end":{"line":110,"column":31}},"47":{"start":{"line":115,"column":21},"end":{"line":115,"column":42}},"48":{"start":{"line":119,"column":2},"end":{"line":126,"column":3}},"49":{"start":{"line":120,"column":4},"end":{"line":120,"column":59}},"50":{"start":{"line":121,"column":4},"end":{"line":121,"column":22}},"51":{"start":{"line":123,"column":4},"end":{"line":123,"column":50}},"52":{"start":{"line":124,"column":4},"end":{"line":124,"column":63}},"53":{"start":{"line":125,"column":4},"end":{"line":125,"column":49}},"54":{"start":{"line":127,"column":2},"end":{"line":127,"column":24}},"55":{"start":{"line":130,"column":0},"end":{"line":130,"column":51}},"56":{"start":{"line":131,"column":0},"end":{"line":131,"column":73}}},"fnMap":{"0":{"name":"(anonymous_0)","decl":{"start":{"line":14,"column":17},"end":{"line":14,"column":18}},"loc":{"start":{"line":14,"column":36},"end":{"line":23,"column":1}},"line":14},"1":{"name":"(anonymous_1)","decl":{"start":{"line":15,"column":21},"end":{"line":15,"column":22}},"loc":{"start":{"line":15,"column":44},"end":{"line":17,"column":5}},"line":15},"2":{"name":"(anonymous_2)","decl":{"start":{"line":18,"column":11},"end":{"line":18,"column":12}},"loc":{"start":{"line":18,"column":27},"end":{"line":22,"column":5}},"line":18},"3":{"name":"(anonymous_3)","decl":{"start":{"line":26,"column":18},"end":{"line":26,"column":19}},"loc":{"start":{"line":26,"column":29},"end":{"line":63,"column":1}},"line":26},"4":{"name":"(anonymous_4)","decl":{"start":{"line":27,"column":21},"end":{"line":27,"column":22}},"loc":{"start":{"line":27,"column":47},"end":{"line":62,"column":3}},"line":27},"5":{"name":"(anonymous_5)","decl":{"start":{"line":29,"column":12},"end":{"line":29,"column":13}},"loc":{"start":{"line":29,"column":31},"end":{"line":31,"column":7}},"line":29},"6":{"name":"(anonymous_6)","decl":{"start":{"line":32,"column":12},"end":{"line":32,"column":13}},"loc":{"start":{"line":32,"column":27},"end":{"line":61,"column":7}},"line":32},"7":{"name":"(anonymous_7)","decl":{"start":{"line":65,"column":17},"end":{"line":65,"column":18}},"loc":{"start":{"line":65,"column":28},"end":{"line":67,"column":1}},"line":65},"8":{"name":"(anonymous_8)","decl":{"start":{"line":69,"column":20},"end":{"line":69,"column":21}},"loc":{"start":{"line":69,"column":45},"end":{"line":85,"column":1}},"line":69},"9":{"name":"(anonymous_9)","decl":{"start":{"line":78,"column":21},"end":{"line":78,"column":22}},"loc":{"start":{"line":78,"column":40},"end":{"line":84,"column":3}},"line":78},"10":{"name":"makeUpPotentialAnswersArray","decl":{"start":{"line":88,"column":9},"end":{"line":88,"column":36}},"loc":{"start":{"line":88,"column":64},"end":{"line":112,"column":1}},"line":88},"11":{"name":"(anonymous_11)","decl":{"start":{"line":95,"column":32},"end":{"line":95,"column":33}},"loc":{"start":{"line":95,"column":54},"end":{"line":108,"column":3}},"line":95},"12":{"name":"randomiseAnswers","decl":{"start":{"line":114,"column":9},"end":{"line":114,"column":25}},"loc":{"start":{"line":114,"column":42},"end":{"line":128,"column":1}},"line":114}},"branchMap":{"0":{"loc":{"start":{"line":43,"column":8},"end":{"line":59,"column":9}},"type":"if","locations":[{"start":{"line":43,"column":8},"end":{"line":59,"column":9}},{"start":{"line":43,"column":8},"end":{"line":59,"column":9}}],"line":43},"1":{"loc":{"start":{"line":72,"column":2},"end":{"line":76,"column":3}},"type":"if","locations":[{"start":{"line":72,"column":2},"end":{"line":76,"column":3}},{"start":{"line":72,"column":2},"end":{"line":76,"column":3}}],"line":72},"2":{"loc":{"start":{"line":99,"column":4},"end":{"line":103,"column":5}},"type":"if","locations":[{"start":{"line":99,"column":4},"end":{"line":103,"column":5}},{"start":{"line":99,"column":4},"end":{"line":103,"column":5}}],"line":99}},"s":{"0":1,"1":1,"2":1,"3":1,"4":1,"5":1,"6":1,"7":1,"8":1,"9":1,"10":0,"11":0,"12":0,"13":1,"14":0,"15":0,"16":0,"17":0,"18":0,"19":0,"20":0,"21":0,"22":0,"23":0,"24":0,"25":0,"26":1,"27":0,"28":1,"29":0,"30":0,"31":0,"32":0,"33":0,"34":0,"35":1,"36":1,"37":1,"38":1,"39":4,"40":4,"41":4,"42":1,"43":3,"44":4,"45":4,"46":1,"47":1,"48":1,"49":9,"50":9,"51":9,"52":9,"53":9,"54":1,"55":1,"56":1},"f":{"0":0,"1":0,"2":0,"3":0,"4":0,"5":0,"6":0,"7":0,"8":0,"9":0,"10":1,"11":4,"12":1},"b":{"0":[0,0],"1":[0,0],"2":[1,3]},"_coverageSchema":"332fd63041d2c1bcb487cc26dd0d5f7d97098a6c","hash":"ed19dc722efa493230be9bd8b0bed4f1ae72e3f9"}
}
