{"/home/ania/code/quiz-machine/libs/answerHelpers.js": {"path":"/home/ania/code/quiz-machine/libs/answerHelpers.js","statementMap":{"0":{"start":{"line":4,"column":30},"end":{"line":4,"column":84}},"1":{"start":{"line":5,"column":2},"end":{"line":5,"column":71}},"2":{"start":{"line":7,"column":2},"end":{"line":7,"column":48}},"3":{"start":{"line":9,"column":2},"end":{"line":22,"column":5}},"4":{"start":{"line":10,"column":21},"end":{"line":10,"column":23}},"5":{"start":{"line":11,"column":4},"end":{"line":11,"column":29}},"6":{"start":{"line":13,"column":4},"end":{"line":17,"column":5}},"7":{"start":{"line":14,"column":6},"end":{"line":14,"column":32}},"8":{"start":{"line":16,"column":6},"end":{"line":16,"column":33}},"9":{"start":{"line":19,"column":4},"end":{"line":19,"column":39}},"10":{"start":{"line":20,"column":4},"end":{"line":20,"column":46}},"11":{"start":{"line":24,"column":2},"end":{"line":24,"column":31}},"12":{"start":{"line":29,"column":21},"end":{"line":29,"column":42}},"13":{"start":{"line":33,"column":2},"end":{"line":40,"column":3}},"14":{"start":{"line":34,"column":4},"end":{"line":34,"column":59}},"15":{"start":{"line":35,"column":4},"end":{"line":35,"column":22}},"16":{"start":{"line":37,"column":4},"end":{"line":37,"column":50}},"17":{"start":{"line":38,"column":4},"end":{"line":38,"column":63}},"18":{"start":{"line":39,"column":4},"end":{"line":39,"column":49}},"19":{"start":{"line":41,"column":2},"end":{"line":41,"column":24}},"20":{"start":{"line":44,"column":0},"end":{"line":44,"column":51}},"21":{"start":{"line":45,"column":0},"end":{"line":45,"column":73}}},"fnMap":{"0":{"name":"makeUpPotentialAnswersArray","decl":{"start":{"line":2,"column":9},"end":{"line":2,"column":36}},"loc":{"start":{"line":2,"column":64},"end":{"line":26,"column":1}},"line":2},"1":{"name":"(anonymous_1)","decl":{"start":{"line":9,"column":32},"end":{"line":9,"column":33}},"loc":{"start":{"line":9,"column":54},"end":{"line":22,"column":3}},"line":9},"2":{"name":"randomiseAnswers","decl":{"start":{"line":28,"column":9},"end":{"line":28,"column":25}},"loc":{"start":{"line":28,"column":42},"end":{"line":42,"column":1}},"line":28}},"branchMap":{"0":{"loc":{"start":{"line":13,"column":4},"end":{"line":17,"column":5}},"type":"if","locations":[{"start":{"line":13,"column":4},"end":{"line":17,"column":5}},{"start":{"line":13,"column":4},"end":{"line":17,"column":5}}],"line":13}},"s":{"0":1,"1":1,"2":1,"3":1,"4":4,"5":4,"6":4,"7":1,"8":3,"9":4,"10":4,"11":1,"12":1,"13":1,"14":9,"15":9,"16":9,"17":9,"18":9,"19":1,"20":1,"21":1},"f":{"0":1,"1":4,"2":1},"b":{"0":[1,3]},"_coverageSchema":"332fd63041d2c1bcb487cc26dd0d5f7d97098a6c","hash":"cc419a990e92036fe6903b55eda3079750aba1f3"}
}
