TN:
SF:/home/ania/code/quiz-machine/node-end.js
FN:14,(anonymous_0)
FN:15,(anonymous_1)
FN:18,(anonymous_2)
FN:26,(anonymous_3)
FN:27,(anonymous_4)
FN:29,(anonymous_5)
FN:32,(anonymous_6)
FN:65,(anonymous_7)
FN:69,(anonymous_8)
FN:78,(anonymous_9)
FN:88,makeUpPotentialAnswersArray
FN:95,(anonymous_11)
FN:114,randomiseAnswers
FNF:13
FNH:3
FNDA:0,(anonymous_0)
FNDA:0,(anonymous_1)
FNDA:0,(anonymous_2)
FNDA:0,(anonymous_3)
FNDA:0,(anonymous_4)
FNDA:0,(anonymous_5)
FNDA:0,(anonymous_6)
FNDA:0,(anonymous_7)
FNDA:0,(anonymous_8)
FNDA:0,(anonymous_9)
FNDA:1,makeUpPotentialAnswersArray
FNDA:4,(anonymous_11)
FNDA:1,randomiseAnswers
DA:1,1
DA:2,1
DA:3,1
DA:4,1
DA:7,1
DA:8,1
DA:10,1
DA:11,1
DA:12,1
DA:14,1
DA:15,0
DA:16,0
DA:19,0
DA:26,1
DA:27,0
DA:28,0
DA:30,0
DA:34,0
DA:36,0
DA:37,0
DA:39,0
DA:43,0
DA:45,0
DA:47,0
DA:52,0
DA:58,0
DA:65,1
DA:66,0
DA:69,1
DA:70,0
DA:72,0
DA:73,0
DA:75,0
DA:78,0
DA:80,0
DA:90,1
DA:91,1
DA:93,1
DA:95,1
DA:96,4
DA:97,4
DA:99,4
DA:100,1
DA:102,3
DA:105,4
DA:106,4
DA:110,1
DA:115,1
DA:119,1
DA:120,9
DA:121,9
DA:123,9
DA:124,9
DA:125,9
DA:127,1
DA:130,1
DA:131,1
LF:57
LH:35
BRDA:43,0,0,0
BRDA:43,0,1,0
BRDA:72,1,0,0
BRDA:72,1,1,0
BRDA:99,2,0,1
BRDA:99,2,1,3
BRF:6
BRH:2
end_of_record
